2022-02-06 12:31:08.398  INFO 185499 --- [main] lavalink.server.Launcher                 : 

[32m       .  [31m _                  _ _       _    [32m__ _ _
[32m      /\\ [31m| | __ ___   ____ _| (_)_ __ | | __[32m\ \ \ \
[32m     ( ( )[31m| |/ _` \ \ / / _` | | | '_ \| |/ /[32m \ \ \ \
[32m      \\/ [31m| | (_| |\ V / (_| | | | | | |   < [32m  ) ) ) )
[32m       '  [31m|_|\__,_| \_/ \__,_|_|_|_| |_|_|\_\[32m / / / /
[0m    =========================================[32m/_/_/_/[0m

	Version:        3.4
	Build:          1257
	Build time:     26.10.2021 14:18:37 UTC
	Branch          master
	Commit:         a364833
	Commit time:    26.10.2021 14:15:20 UTC
	JVM:            11.0.13
	Lavaplayer      1.3.96-original

2022-02-06 12:31:08.680  INFO 185499 --- [main] lavalink.server.Launcher                 : Starting Launcher on kaih with PID 185499 (/root/ryuk/lavalink/Lavalink.jar started by root in /root/ryuk/lavalink)
2022-02-06 12:31:08.694  INFO 185499 --- [main] lavalink.server.Launcher                 : No active profile set, falling back to default profiles: default
2022-02-06 12:31:08.972  WARN 185499 --- [background-preinit] o.s.h.c.j.Jackson2ObjectMapperBuilder    : For Jackson Kotlin classes support please add "com.fasterxml.jackson.module:jackson-module-kotlin" to the classpath
2022-02-06 12:31:10.987  WARN 185499 --- [main] io.undertow.websockets.jsr               : UT026010: Buffer pool was not set on WebSocketDeploymentInfo, the default pool will be used
2022-02-06 12:31:11.025  INFO 185499 --- [main] io.undertow.servlet                      : Initializing Spring embedded WebApplicationContext
2022-02-06 12:31:11.026  INFO 185499 --- [main] o.s.web.context.ContextLoader            : Root WebApplicationContext: initialization completed in 2195 ms
2022-02-06 12:31:11.682  WARN 185499 --- [main] l.server.config.SentryConfiguration      : Turning off sentry
2022-02-06 12:31:12.402  INFO 185499 --- [main] c.s.d.l.tools.GarbageCollectionMonitor   : GC monitoring enabled, reporting results every 2 minutes.
2022-02-06 12:31:12.761  INFO 185499 --- [main] lavalink.server.config.KoeConfiguration  : OS: Linux, Arch: amd64
2022-02-06 12:31:12.761  INFO 185499 --- [main] lavalink.server.config.KoeConfiguration  : Enabling JDA-NAS
2022-02-06 12:31:12.767  INFO 185499 --- [main] c.s.l.c.natives.NativeLibraryLoader      : Native library udpqueue: loading with filter null
2022-02-06 12:31:12.775  INFO 185499 --- [main] c.s.l.c.natives.NativeLibraryLoader      : Native library udpqueue: successfully loaded.
2022-02-06 12:31:13.280  INFO 185499 --- [main] o.s.s.concurrent.ThreadPoolTaskExecutor  : Initializing ExecutorService 'applicationTaskExecutor'
2022-02-06 12:31:13.905  INFO 185499 --- [main] org.xnio                                 : XNIO version 3.3.8.Final
2022-02-06 12:31:13.926  INFO 185499 --- [main] org.xnio.nio                             : XNIO NIO Implementation Version 3.3.8.Final
2022-02-06 12:31:14.066  INFO 185499 --- [main] o.s.b.w.e.u.UndertowServletWebServer     : Undertow started on port(s) 1337 (http) with context path ''
2022-02-06 12:31:14.076  INFO 185499 --- [main] lavalink.server.Launcher                 : Started Launcher in 6.825 seconds (JVM running for 7.784)
2022-02-06 12:31:14.078  INFO 185499 --- [main] lavalink.server.Launcher                 : You can safely ignore the big red warning about illegal reflection. See https://github.com/freyacodes/Lavalink/issues/295
2022-02-06 12:31:38.266  INFO 185499 --- [Thread-1] o.s.s.concurrent.ThreadPoolTaskExecutor  : Shutting down ExecutorService 'applicationTaskExecutor'
2022-02-06 12:31:38.269  INFO 185499 --- [Thread-1] c.s.d.l.tools.GarbageCollectionMonitor   : GC monitoring disabled.
